This is pdfTeX, Version 3.14159265-2.6-1.40.20 (MiKTeX 2.9.7140 64-bit) (preloaded format=pdflatex 2019.9.26)  20 NOV 2019 20:50
entering extended mode
**./softengCoursework.tex
(softengCoursework.tex
LaTeX2e <2018-12-01>
("C:\Users\wasee\AppData\Local\Programs\MiKTeX 2.9\tex/latex/base\article.cls"
Document Class: article 2018/09/03 v1.4i Standard LaTeX document class
("C:\Users\wasee\AppData\Local\Programs\MiKTeX 2.9\tex/latex/base\size10.clo"
File: size10.clo 2018/09/03 v1.4i Standard LaTeX file (size option)
)
\c@part=\count80
\c@section=\count81
\c@subsection=\count82
\c@subsubsection=\count83
\c@paragraph=\count84
\c@subparagraph=\count85
\c@figure=\count86
\c@table=\count87
\abovecaptionskip=\skip41
\belowcaptionskip=\skip42
\bibindent=\dimen102
)
("C:\Users\wasee\AppData\Local\Programs\MiKTeX 2.9\tex/latex/graphics\graphicx.
sty"
Package: graphicx 2017/06/01 v1.1a Enhanced LaTeX Graphics (DPC,SPQR)

("C:\Users\wasee\AppData\Local\Programs\MiKTeX 2.9\tex/latex/graphics\keyval.st
y"
Package: keyval 2014/10/28 v1.15 key=value parser (DPC)
\KV@toks@=\toks14
)
("C:\Users\wasee\AppData\Local\Programs\MiKTeX 2.9\tex/latex/graphics\graphics.
sty"
Package: graphics 2017/06/25 v1.2c Standard LaTeX Graphics (DPC,SPQR)

("C:\Users\wasee\AppData\Local\Programs\MiKTeX 2.9\tex/latex/graphics\trig.sty"
Package: trig 2016/01/03 v1.10 sin cos tan (DPC)
)
("C:\Users\wasee\AppData\Local\Programs\MiKTeX 2.9\tex/latex/graphics-cfg\graph
ics.cfg"
File: graphics.cfg 2016/06/04 v1.11 sample graphics configuration
)
Package graphics Info: Driver file: pdftex.def on input line 99.

("C:\Users\wasee\AppData\Local\Programs\MiKTeX 2.9\tex/latex/graphics-def\pdfte
x.def"
File: pdftex.def 2018/01/08 v1.0l Graphics/color driver for pdftex
))
\Gin@req@height=\dimen103
\Gin@req@width=\dimen104
)
("C:\Users\wasee\AppData\Local\Programs\MiKTeX 2.9\tex/latex/glossaries/base\gl
ossaries.sty"
Package: glossaries 2019/09/28 v4.43 (NLCT)

("C:\Users\wasee\AppData\Local\Programs\MiKTeX 2.9\tex/latex/base\ifthen.sty"
Package: ifthen 2014/09/29 v1.1c Standard LaTeX ifthen package (DPC)
)
("C:\Users\wasee\AppData\Local\Programs\MiKTeX 2.9\tex/latex/xkeyval\xkeyval.st
y"
Package: xkeyval 2014/12/03 v2.7a package option processing (HA)

("C:\Users\wasee\AppData\Local\Programs\MiKTeX 2.9\tex/generic/xkeyval\xkeyval.
tex"
("C:\Users\wasee\AppData\Local\Programs\MiKTeX 2.9\tex/generic/xkeyval\xkvutils
.tex"
\XKV@toks=\toks15
\XKV@tempa@toks=\toks16
)
\XKV@depth=\count88
File: xkeyval.tex 2014/12/03 v2.7a key=value parser (HA)
))
("C:\Users\wasee\AppData\Local\Programs\MiKTeX 2.9\tex/latex/mfirstuc\mfirstuc.
sty"
Package: mfirstuc 2017/11/14 v2.06 (NLCT)

("C:\Users\wasee\AppData\Local\Programs\MiKTeX 2.9\tex/latex/etoolbox\etoolbox.
sty"
Package: etoolbox 2019/09/21 v2.5h e-TeX tools for LaTeX (JAW)
\etb@tempcnta=\count89
)
\@glsmfirst=\toks17
\@glsmrest=\toks18
)
("C:\Users\wasee\AppData\Local\Programs\MiKTeX 2.9\tex/latex/textcase\textcase.
sty"
Package: textcase 2019/09/14 v1.00 Text only upper/lower case changing (DPC)
) ("C:\Users\wasee\AppData\Local\Programs\MiKTeX 2.9\tex/latex/xfor\xfor.sty"
Package: xfor 2009/02/05 v1.05 (NLCT)
)
("C:\Users\wasee\AppData\Local\Programs\MiKTeX 2.9\tex/latex/datatool\datatool-
base.sty"
Package: datatool-base 2019/09/27 v2.32 (NLCT)

("C:\Users\wasee\AppData\Local\Programs\MiKTeX 2.9\tex/latex/amsmath\amsmath.st
y"
Package: amsmath 2018/12/01 v2.17b AMS math features
\@mathmargin=\skip43

For additional information on amsmath, use the `?' option.

("C:\Users\wasee\AppData\Local\Programs\MiKTeX 2.9\tex/latex/amsmath\amstext.st
y"
Package: amstext 2000/06/29 v2.01 AMS text

("C:\Users\wasee\AppData\Local\Programs\MiKTeX 2.9\tex/latex/amsmath\amsgen.sty
"
File: amsgen.sty 1999/11/30 v2.0 generic functions
\@emptytoks=\toks19
\ex@=\dimen105
))
("C:\Users\wasee\AppData\Local\Programs\MiKTeX 2.9\tex/latex/amsmath\amsbsy.sty
"
Package: amsbsy 1999/11/29 v1.2d Bold Symbols
\pmbraise@=\dimen106
)
("C:\Users\wasee\AppData\Local\Programs\MiKTeX 2.9\tex/latex/amsmath\amsopn.sty
"
Package: amsopn 2016/03/08 v2.02 operator names
)
\inf@bad=\count90
LaTeX Info: Redefining \frac on input line 223.
\uproot@=\count91
\leftroot@=\count92
LaTeX Info: Redefining \overline on input line 385.
\classnum@=\count93
\DOTSCASE@=\count94
LaTeX Info: Redefining \ldots on input line 482.
LaTeX Info: Redefining \dots on input line 485.
LaTeX Info: Redefining \cdots on input line 606.
\Mathstrutbox@=\box27
\strutbox@=\box28
\big@size=\dimen107
LaTeX Font Info:    Redeclaring font encoding OML on input line 729.
LaTeX Font Info:    Redeclaring font encoding OMS on input line 730.
\macc@depth=\count95
\c@MaxMatrixCols=\count96
\dotsspace@=\muskip10
\c@parentequation=\count97
\dspbrk@lvl=\count98
\tag@help=\toks20
\row@=\count99
\column@=\count100
\maxfields@=\count101
\andhelp@=\toks21
\eqnshift@=\dimen108
\alignsep@=\dimen109
\tagshift@=\dimen110
\tagwidth@=\dimen111
\totwidth@=\dimen112
\lineht@=\dimen113
\@envbody=\toks22
\multlinegap=\skip44
\multlinetaggap=\skip45
\mathdisplay@stack=\toks23
LaTeX Info: Redefining \[ on input line 2844.
LaTeX Info: Redefining \] on input line 2845.
)
("C:\Users\wasee\AppData\Local\Programs\MiKTeX 2.9\tex/latex/substr\substr.sty"
Package: substr 2009/10/20 v1.2 Handle substrings
\c@su@anzahl=\count102
)
("C:\Users\wasee\AppData\Local\Programs\MiKTeX 2.9\tex/latex/datatool\datatool-
fp.sty"
Package: datatool-fp 2019/09/27 v2.32 (NLCT)
 ("C:\Users\wasee\AppData\Local\Programs\MiKTeX 2.9\tex/latex/fp\fp.sty"
Package: fp 1995/04/02
`Fixed Point Package', Version 0.8, April 2, 1995 (C) Michael Mehlich
("C:\Users\wasee\AppData\Local\Programs\MiKTeX 2.9\tex/latex/fp\defpattern.sty"
Package: defpattern 1994/10/12
\actioncount=\count103
) ("C:\Users\wasee\AppData\Local\Programs\MiKTeX 2.9\tex/latex/fp\fp-basic.sty"
Package: fp-basic 1996/05/13
\FP@xs=\count104
\FP@xia=\count105
\FP@xib=\count106
\FP@xfa=\count107
\FP@xfb=\count108
\FP@rega=\count109
\FP@regb=\count110
\FP@regs=\count111
\FP@times=\count112
) ("C:\Users\wasee\AppData\Local\Programs\MiKTeX 2.9\tex/latex/fp\fp-addons.sty
"
Package: fp-addons 1995/03/15
) ("C:\Users\wasee\AppData\Local\Programs\MiKTeX 2.9\tex/latex/fp\fp-snap.sty"
Package: fp-snap 1995/04/05
) ("C:\Users\wasee\AppData\Local\Programs\MiKTeX 2.9\tex/latex/fp\fp-exp.sty"
Package: fp-exp 1995/04/03
)
("C:\Users\wasee\AppData\Local\Programs\MiKTeX 2.9\tex/latex/fp\fp-trigo.sty"
Package: fp-trigo 1995/04/14
)
("C:\Users\wasee\AppData\Local\Programs\MiKTeX 2.9\tex/latex/fp\fp-pas.sty"
Package: fp-pas 1994/08/29
)
("C:\Users\wasee\AppData\Local\Programs\MiKTeX 2.9\tex/latex/fp\fp-random.sty"
Package: fp-random 1995/02/23
\FPseed=\count113
) ("C:\Users\wasee\AppData\Local\Programs\MiKTeX 2.9\tex/latex/fp\fp-eqn.sty"
Package: fp-eqn 1995/04/03
)
("C:\Users\wasee\AppData\Local\Programs\MiKTeX 2.9\tex/latex/fp\fp-upn.sty"
Package: fp-upn 1996/10/21
)
("C:\Users\wasee\AppData\Local\Programs\MiKTeX 2.9\tex/latex/fp\fp-eval.sty"
Package: fp-eval 1995/04/03
)))
\@dtl@toks=\toks24
\@dtl@tmpcount=\count114
\dtl@tmplength=\skip46
\dtl@sortresult=\count115
\@dtl@numgrpsepcount=\count116
\@dtl@datatype=\count117
\dtl@codeA=\count118
\dtl@codeB=\count119
\@dtl@foreach@level=\count120
)
("C:\Users\wasee\AppData\Local\Programs\MiKTeX 2.9\tex/latex/glossaries/base\gl
ossaries-compatible-307.sty"
Package: glossaries-compatible-307 2019/09/28 v4.43 (NLCT)
)
\gls@level=\count121
\@gls@tmpb=\toks25
\gls@tmplen=\skip47
\glskeylisttok=\toks26
\glslabeltok=\toks27
\glsshorttok=\toks28
\glslongtok=\toks29

("C:\Users\wasee\AppData\Local\Programs\MiKTeX 2.9\tex/latex/glossaries/styles\
glossary-hypernav.sty"
Package: glossary-hypernav 2019/09/28 v4.43 (NLCT)
)
("C:\Users\wasee\AppData\Local\Programs\MiKTeX 2.9\tex/latex/glossaries/styles\
glossary-list.sty"
Package: glossary-list 2019/09/28 v4.43 (NLCT)
\glslistdottedwidth=\skip48
)
("C:\Users\wasee\AppData\Local\Programs\MiKTeX 2.9\tex/latex/glossaries/styles\
glossary-long.sty"
Package: glossary-long 2019/09/28 v4.43 (NLCT)

("C:\Users\wasee\AppData\Local\Programs\MiKTeX 2.9\tex/latex/tools\longtable.st
y"
Package: longtable 2014/10/28 v4.11 Multi-page Table package (DPC)+ FMi change
\LTleft=\skip49
\LTright=\skip50
\LTpre=\skip51
\LTpost=\skip52
\LTchunksize=\count122
\LTcapwidth=\dimen114
\LT@head=\box29
\LT@firsthead=\box30
\LT@foot=\box31
\LT@lastfoot=\box32
\LT@cols=\count123
\LT@rows=\count124
\c@LT@tables=\count125
\c@LT@chunks=\count126
\LT@p@ftn=\toks30
)
\glsdescwidth=\skip53
\glspagelistwidth=\skip54
)
("C:\Users\wasee\AppData\Local\Programs\MiKTeX 2.9\tex/latex/glossaries/styles\
glossary-super.sty"
Package: glossary-super 2019/09/28 v4.43 (NLCT)

("C:\Users\wasee\AppData\Local\Programs\MiKTeX 2.9\tex/latex/supertabular\super
tabular.sty"
Package: supertabular 2004/02/20 v4.1e the supertabular environment
\c@tracingst=\count127
\ST@wd=\dimen115
\ST@rightskip=\skip55
\ST@leftskip=\skip56
\ST@parfillskip=\skip57
\ST@pageleft=\dimen116
\ST@headht=\dimen117
\ST@tailht=\dimen118
\ST@pagesofar=\dimen119
\ST@pboxht=\dimen120
\ST@lineht=\dimen121
\ST@stretchht=\dimen122
\ST@prevht=\dimen123
\ST@toadd=\dimen124
\ST@dimen=\dimen125
\ST@pbox=\box33
))
("C:\Users\wasee\AppData\Local\Programs\MiKTeX 2.9\tex/latex/glossaries/styles\
glossary-tree.sty"
Package: glossary-tree 2019/09/28 v4.43 (NLCT)
\glstreeindent=\skip58
))
\glswrite=\write3
\glo@main@file=\write4
\openout4 = `softengCoursework.glo'.

Package glossaries Info: Writing glossary file softengCoursework.glo on input l
ine 6.
\glo@acronym@file=\write5
\openout5 = `softengCoursework.acn'.

Package glossaries Info: Writing glossary file softengCoursework.acn on input l
ine 6.
 (C:/packages\tex/latex\natbib\natbib.sty
Package: natbib 2010/09/13 8.31b (PWD, AO)
\bibhang=\skip59
\bibsep=\skip60
LaTeX Info: Redefining \cite on input line 694.
\c@NAT@ctr=\count128
)
("C:\Users\wasee\AppData\Local\Programs\MiKTeX 2.9\tex/latex/pdfpages\pdfpages.
sty"
Package: pdfpages 2019/09/21 v0.5n Insert pages of external PDF documents (AM)
 ("C:\Users\wasee\AppData\Local\Programs\MiKTeX 2.9\tex/latex/tools\calc.sty"
Package: calc 2017/05/25 v4.3 Infix arithmetic (KKT,FJ)
\calc@Acount=\count129
\calc@Bcount=\count130
\calc@Adimen=\dimen126
\calc@Bdimen=\dimen127
\calc@Askip=\skip61
\calc@Bskip=\skip62
LaTeX Info: Redefining \setlength on input line 80.
LaTeX Info: Redefining \addtolength on input line 81.
\calc@Ccount=\count131
\calc@Cskip=\skip63
)
("C:\Users\wasee\AppData\Local\Programs\MiKTeX 2.9\tex/latex/eso-pic\eso-pic.st
y"
Package: eso-pic 2018/04/12 v2.0h eso-pic (RN)

("C:\Users\wasee\AppData\Local\Programs\MiKTeX 2.9\tex/generic/oberdiek\atbegsh
i.sty"
Package: atbegshi 2016/06/09 v1.18 At begin shipout hook (HO)

("C:\Users\wasee\AppData\Local\Programs\MiKTeX 2.9\tex/generic/oberdiek\infware
rr.sty"
Package: infwarerr 2016/05/16 v1.4 Providing info/warning/error messages (HO)
)
("C:\Users\wasee\AppData\Local\Programs\MiKTeX 2.9\tex/generic/oberdiek\ltxcmds
.sty"
Package: ltxcmds 2016/05/16 v1.23 LaTeX kernel commands for general use (HO)
)
("C:\Users\wasee\AppData\Local\Programs\MiKTeX 2.9\tex/generic/oberdiek\ifpdf.s
ty"
Package: ifpdf 2018/09/07 v3.3 Provides the ifpdf switch
))
("C:\Users\wasee\AppData\Local\Programs\MiKTeX 2.9\tex/latex/xcolor\xcolor.sty"
Package: xcolor 2016/05/11 v2.12 LaTeX color extensions (UK)

("C:\Users\wasee\AppData\Local\Programs\MiKTeX 2.9\tex/latex/graphics-cfg\color
.cfg"
File: color.cfg 2016/01/02 v1.6 sample color configuration
)
Package xcolor Info: Driver file: pdftex.def on input line 225.
Package xcolor Info: Model `cmy' substituted by `cmy0' on input line 1348.
Package xcolor Info: Model `hsb' substituted by `rgb' on input line 1352.
Package xcolor Info: Model `RGB' extended on input line 1364.
Package xcolor Info: Model `HTML' substituted by `rgb' on input line 1366.
Package xcolor Info: Model `Hsb' substituted by `hsb' on input line 1367.
Package xcolor Info: Model `tHsb' substituted by `hsb' on input line 1368.
Package xcolor Info: Model `HSB' substituted by `hsb' on input line 1369.
Package xcolor Info: Model `Gray' substituted by `gray' on input line 1370.
Package xcolor Info: Model `wave' substituted by `hsb' on input line 1371.
))
\AM@pagewidth=\dimen128
\AM@pageheight=\dimen129

("C:\Users\wasee\AppData\Local\Programs\MiKTeX 2.9\tex/latex/pdfpages\pppdftex.
def"
File: pppdftex.def 2019/09/21 v0.5n Pdfpages driver for pdfTeX (AM)
)
\AM@pagebox=\box34
\AM@global@opts=\toks31
\AM@toc@title=\toks32
\c@AM@survey=\count132
\AM@templatesizebox=\box35
) (softengCoursework.aux)
\openout1 = `softengCoursework.aux'.

LaTeX Font Info:    Checking defaults for OML/cmm/m/it on input line 17.
LaTeX Font Info:    ... okay on input line 17.
LaTeX Font Info:    Checking defaults for T1/cmr/m/n on input line 17.
LaTeX Font Info:    ... okay on input line 17.
LaTeX Font Info:    Checking defaults for OT1/cmr/m/n on input line 17.
LaTeX Font Info:    ... okay on input line 17.
LaTeX Font Info:    Checking defaults for OMS/cmsy/m/n on input line 17.
LaTeX Font Info:    ... okay on input line 17.
LaTeX Font Info:    Checking defaults for OMX/cmex/m/n on input line 17.
LaTeX Font Info:    ... okay on input line 17.
LaTeX Font Info:    Checking defaults for U/cmr/m/n on input line 17.
LaTeX Font Info:    ... okay on input line 17.

("C:\Users\wasee\AppData\Local\Programs\MiKTeX 2.9\tex/context/base/mkii\supp-p
df.mkii"
[Loading MPS to PDF converter (version 2006.09.02).]
\scratchcounter=\count133
\scratchdimen=\dimen130
\scratchbox=\box36
\nofMPsegments=\count134
\nofMParguments=\count135
\everyMPshowfont=\toks33
\MPscratchCnt=\count136
\MPscratchDim=\dimen131
\MPnumerator=\count137
\makeMPintoPDFobject=\count138
\everyMPtoPDFconversion=\toks34
)
("C:\Users\wasee\AppData\Local\Programs\MiKTeX 2.9\tex/latex/oberdiek\epstopdf-
base.sty"
Package: epstopdf-base 2016/05/15 v2.6 Base part for package epstopdf

("C:\Users\wasee\AppData\Local\Programs\MiKTeX 2.9\tex/latex/oberdiek\grfext.st
y"
Package: grfext 2016/05/16 v1.2 Manage graphics extensions (HO)

("C:\Users\wasee\AppData\Local\Programs\MiKTeX 2.9\tex/generic/oberdiek\kvdefin
ekeys.sty"
Package: kvdefinekeys 2016/05/16 v1.4 Define keys (HO)
))
("C:\Users\wasee\AppData\Local\Programs\MiKTeX 2.9\tex/latex/oberdiek\kvoptions
.sty"
Package: kvoptions 2016/05/16 v3.12 Key value format for package options (HO)

("C:\Users\wasee\AppData\Local\Programs\MiKTeX 2.9\tex/generic/oberdiek\kvsetke
ys.sty"
Package: kvsetkeys 2016/05/16 v1.17 Key value parser (HO)

("C:\Users\wasee\AppData\Local\Programs\MiKTeX 2.9\tex/generic/oberdiek\etexcmd
s.sty"
Package: etexcmds 2016/05/16 v1.6 Avoid name clashes with e-TeX commands (HO)

("C:\Users\wasee\AppData\Local\Programs\MiKTeX 2.9\tex/generic/oberdiek\ifluate
x.sty"
Package: ifluatex 2016/05/16 v1.4 Provides the ifluatex switch (HO)
Package ifluatex Info: LuaTeX not detected.
))))
("C:\Users\wasee\AppData\Local\Programs\MiKTeX 2.9\tex/generic/oberdiek\pdftexc
mds.sty"
Package: pdftexcmds 2019/07/25 v0.30 Utility functions of pdfTeX for LuaTeX (HO
)
Package pdftexcmds Info: LuaTeX not detected.
Package pdftexcmds Info: \pdf@primitive is available.
Package pdftexcmds Info: \pdf@ifprimitive is available.
Package pdftexcmds Info: \pdfdraftmode found.
)
Package epstopdf-base Info: Redefining graphics rule for `.eps' on input line 4
38.
Package grfext Info: Graphics extension search list:
(grfext)             [.pdf,.png,.jpg,.mps,.jpeg,.jbig2,.jb2,.PDF,.PNG,.JPG,.JPE
G,.JBIG2,.JB2,.eps]
(grfext)             \AppendGraphicsExtensions on input line 456.
) (softengCoursework.glsdefs)
\AtBeginShipoutBox=\box37

("C:\Users\wasee\AppData\Local\Programs\MiKTeX 2.9\tex/latex/oberdiek\pdflscape
.sty"
Package: pdflscape 2016/05/14 v0.11 Display of landscape pages in PDF (HO)

("C:\Users\wasee\AppData\Local\Programs\MiKTeX 2.9\tex/latex/graphics\lscape.st
y"
Package: lscape 2000/10/22 v3.01 Landscape Pages (DPC)
)
Package pdflscape Info: Auto-detected driver: pdftex on input line 81.

("C:\Users\wasee\AppData\Local\Programs\MiKTeX 2.9\tex/generic/ifxetex\ifxetex.
sty"
Package: ifxetex 2010/09/12 v0.6 Provides ifxetex conditional
))

pdfTeX warning: pdflatex.exe (file ./qac.pdf): PDF inclusion: found PDF version
 <1.7>, but at most version <1.5> allowed
<qac.pdf, id=1, 597.432pt x 845.07718pt>
File: qac.pdf Graphic file (type pdf)
<use qac.pdf>
Package pdftex.def Info: qac.pdf  used on input line 19.
(pdftex.def)             Requested size: 597.43054pt x 845.07512pt.


pdfTeX warning: pdflatex.exe (file ./qac.pdf): PDF inclusion: found PDF version
 <1.7>, but at most version <1.5> allowed
File: qac.pdf Graphic file (type pdf)
<use qac.pdf>
Package pdftex.def Info: qac.pdf  used on input line 19.
(pdftex.def)             Requested size: 597.43054pt x 845.07512pt.


pdfTeX warning: pdflatex.exe (file ./qac.pdf): PDF inclusion: found PDF version
 <1.7>, but at most version <1.5> allowed


pdfTeX warning: pdflatex.exe (file ./qac.pdf): PDF inclusion: found PDF version
 <1.7>, but at most version <1.5> allowed
<qac.pdf, id=4, page=1, 597.432pt x 845.07718pt>
File: qac.pdf Graphic file (type pdf)
<use qac.pdf, page 1>
Package pdftex.def Info: qac.pdf , page1 used on input line 19.
(pdftex.def)             Requested size: 597.43054pt x 845.07512pt.
File: qac.pdf Graphic file (type pdf)
<use qac.pdf, page 1>
Package pdftex.def Info: qac.pdf , page1 used on input line 19.
(pdftex.def)             Requested size: 562.05109pt x 795.0303pt.
File: qac.pdf Graphic file (type pdf)
<use qac.pdf, page 1>
Package pdftex.def Info: qac.pdf , page1 used on input line 19.
(pdftex.def)             Requested size: 562.05109pt x 795.0303pt.
File: qac.pdf Graphic file (type pdf)
<use qac.pdf, page 1>
Package pdftex.def Info: qac.pdf , page1 used on input line 19.
(pdftex.def)             Requested size: 562.05109pt x 795.0303pt.
File: qac.pdf Graphic file (type pdf)
<use qac.pdf, page 1>
Package pdftex.def Info: qac.pdf , page1 used on input line 19.
(pdftex.def)             Requested size: 562.05109pt x 795.0303pt.
[1

\openout3 = `softengCoursework.ist'.

 <./qac.pdf>]

pdfTeX warning: pdflatex.exe (file ./qac.pdf): PDF inclusion: found PDF version
 <1.7>, but at most version <1.5> allowed
<qac.pdf, id=51, page=2, 597.432pt x 845.07718pt>
File: qac.pdf Graphic file (type pdf)
<use qac.pdf, page 2>
Package pdftex.def Info: qac.pdf , page2 used on input line 19.
(pdftex.def)             Requested size: 562.05109pt x 795.0303pt.
File: qac.pdf Graphic file (type pdf)
<use qac.pdf, page 2>
Package pdftex.def Info: qac.pdf , page2 used on input line 19.
(pdftex.def)             Requested size: 562.05109pt x 795.0303pt.
File: qac.pdf Graphic file (type pdf)
<use qac.pdf, page 2>
Package pdftex.def Info: qac.pdf , page2 used on input line 19.
(pdftex.def)             Requested size: 562.05109pt x 795.0303pt.
[2 <./qac.pdf>]

pdfTeX warning: pdflatex.exe (file ./qac.pdf): PDF inclusion: found PDF version
 <1.7>, but at most version <1.5> allowed
<qac.pdf, id=60, page=3, 597.432pt x 845.07718pt>
File: qac.pdf Graphic file (type pdf)
<use qac.pdf, page 3>
Package pdftex.def Info: qac.pdf , page3 used on input line 19.
(pdftex.def)             Requested size: 562.05109pt x 795.0303pt.
File: qac.pdf Graphic file (type pdf)
<use qac.pdf, page 3>
Package pdftex.def Info: qac.pdf , page3 used on input line 19.
(pdftex.def)             Requested size: 562.05109pt x 795.0303pt.
File: qac.pdf Graphic file (type pdf)
<use qac.pdf, page 3>
Package pdftex.def Info: qac.pdf , page3 used on input line 19.
(pdftex.def)             Requested size: 562.05109pt x 795.0303pt.
[3 <./qac.pdf>]

pdfTeX warning: pdflatex.exe (file ./qac.pdf): PDF inclusion: found PDF version
 <1.7>, but at most version <1.5> allowed
<qac.pdf, id=65, page=4, 597.432pt x 845.07718pt>
File: qac.pdf Graphic file (type pdf)
<use qac.pdf, page 4>
Package pdftex.def Info: qac.pdf , page4 used on input line 19.
(pdftex.def)             Requested size: 562.05109pt x 795.0303pt.
File: qac.pdf Graphic file (type pdf)
<use qac.pdf, page 4>
Package pdftex.def Info: qac.pdf , page4 used on input line 19.
(pdftex.def)             Requested size: 562.05109pt x 795.0303pt.
File: qac.pdf Graphic file (type pdf)
<use qac.pdf, page 4>
Package pdftex.def Info: qac.pdf , page4 used on input line 19.
(pdftex.def)             Requested size: 562.05109pt x 795.0303pt.
[4 <./qac.pdf>]

pdfTeX warning: pdflatex.exe (file ./qac.pdf): PDF inclusion: found PDF version
 <1.7>, but at most version <1.5> allowed
<qac.pdf, id=70, page=5, 597.432pt x 845.07718pt>
File: qac.pdf Graphic file (type pdf)
<use qac.pdf, page 5>
Package pdftex.def Info: qac.pdf , page5 used on input line 19.
(pdftex.def)             Requested size: 562.05109pt x 795.0303pt.
File: qac.pdf Graphic file (type pdf)
<use qac.pdf, page 5>
Package pdftex.def Info: qac.pdf , page5 used on input line 19.
(pdftex.def)             Requested size: 562.05109pt x 795.0303pt.
File: qac.pdf Graphic file (type pdf)
<use qac.pdf, page 5>
Package pdftex.def Info: qac.pdf , page5 used on input line 19.
(pdftex.def)             Requested size: 562.05109pt x 795.0303pt.
[5 <./qac.pdf>]

pdfTeX warning: pdflatex.exe (file ./qac.pdf): PDF inclusion: found PDF version
 <1.7>, but at most version <1.5> allowed
<qac.pdf, id=78, page=6, 597.432pt x 845.07718pt>
File: qac.pdf Graphic file (type pdf)
<use qac.pdf, page 6>
Package pdftex.def Info: qac.pdf , page6 used on input line 19.
(pdftex.def)             Requested size: 562.05109pt x 795.0303pt.
File: qac.pdf Graphic file (type pdf)
<use qac.pdf, page 6>
Package pdftex.def Info: qac.pdf , page6 used on input line 19.
(pdftex.def)             Requested size: 562.05109pt x 795.0303pt.
File: qac.pdf Graphic file (type pdf)
<use qac.pdf, page 6>
Package pdftex.def Info: qac.pdf , page6 used on input line 19.
(pdftex.def)             Requested size: 562.05109pt x 795.0303pt.
[6 <./qac.pdf>]

pdfTeX warning: pdflatex.exe (file ./qac.pdf): PDF inclusion: found PDF version
 <1.7>, but at most version <1.5> allowed
<qac.pdf, id=89, page=7, 597.432pt x 845.07718pt>
File: qac.pdf Graphic file (type pdf)
<use qac.pdf, page 7>
Package pdftex.def Info: qac.pdf , page7 used on input line 19.
(pdftex.def)             Requested size: 562.05109pt x 795.0303pt.
File: qac.pdf Graphic file (type pdf)
<use qac.pdf, page 7>
Package pdftex.def Info: qac.pdf , page7 used on input line 19.
(pdftex.def)             Requested size: 562.05109pt x 795.0303pt.
File: qac.pdf Graphic file (type pdf)
<use qac.pdf, page 7>
Package pdftex.def Info: qac.pdf , page7 used on input line 19.
(pdftex.def)             Requested size: 562.05109pt x 795.0303pt.
[7 <./qac.pdf>]

pdfTeX warning: pdflatex.exe (file ./qac.pdf): PDF inclusion: found PDF version
 <1.7>, but at most version <1.5> allowed
<qac.pdf, id=97, page=8, 597.432pt x 845.07718pt>
File: qac.pdf Graphic file (type pdf)
<use qac.pdf, page 8>
Package pdftex.def Info: qac.pdf , page8 used on input line 19.
(pdftex.def)             Requested size: 562.05109pt x 795.0303pt.
File: qac.pdf Graphic file (type pdf)
<use qac.pdf, page 8>
Package pdftex.def Info: qac.pdf , page8 used on input line 19.
(pdftex.def)             Requested size: 562.05109pt x 795.0303pt.
File: qac.pdf Graphic file (type pdf)
<use qac.pdf, page 8>
Package pdftex.def Info: qac.pdf , page8 used on input line 19.
(pdftex.def)             Requested size: 562.05109pt x 795.0303pt.
[8 <./qac.pdf>]
Underfull \hbox (badness 10000) in paragraph at lines 55--63

 []

[9{C:/Users/wasee/AppData/Local/MiKTeX/2.9/pdftex/config/pdftex.map}] [10]
[11] [12] (softengCoursework.bbl [13]) [14] (softengCoursework.acr) [15

runsystem(makeindex -s softengCoursework.ist -t softengCoursework.glg -o soften
gCoursework.gls softengCoursework.glo)...executed (allowed).

runsystem(makeindex -s softengCoursework.ist -t softengCoursework.alg -o soften
gCoursework.acr softengCoursework.acn)...executed (allowed).

]
(softengCoursework.aux) ) 
Here is how much of TeX's memory you used:
 7807 strings out of 492895
 116965 string characters out of 3123735
 251775 words of memory out of 3000000
 11555 multiletter control sequences out of 15000+200000
 8915 words of font info for 32 fonts, out of 3000000 for 9000
 1141 hyphenation exceptions out of 8191
 45i,18n,51p,1985b,524s stack positions out of 5000i,500n,10000p,200000b,50000s
<C:/Users/wasee/AppData/Local/Programs/MiKTeX 2.9/font
s/type1/public/amsfonts/cm/cmbx10.pfb><C:/Users/wasee/AppData/Local/Programs/Mi
KTeX 2.9/fonts/type1/public/amsfonts/cm/cmbx12.pfb><C:/Users/wasee/AppData/Loca
l/Programs/MiKTeX 2.9/fonts/type1/public/amsfonts/cm/cmr10.pfb><C:/Users/wasee/
AppData/Local/Programs/MiKTeX 2.9/fonts/type1/public/amsfonts/cm/cmr12.pfb><C:/
Users/wasee/AppData/Local/Programs/MiKTeX 2.9/fonts/type1/public/amsfonts/cm/cm
r17.pfb><C:/Users/wasee/AppData/Local/Programs/MiKTeX 2.9/fonts/type1/public/am
sfonts/cm/cmti10.pfb>
Output written on softengCoursework.pdf (15 pages, 578460 bytes).
PDF statistics:
 156 PDF objects out of 1000 (max. 8388607)
 0 named destinations out of 1000 (max. 500000)
 56 words of extra memory for PDF output out of 10000 (max. 10000000)

